<?xml version="1.0" encoding="utf-8"?><testsuite errors="0" failures="0" name="pytest" skips="0" tests="5" time="0.029"><testcase classname="tests.sportscar.body.test_body.BodyTests" file="tests/sportscar/body/test_body.py" line="5" name="test_body" time="0.0011408329010009766"></testcase><testcase classname="tests.sportscar.body.test_body.BodyTests" file="tests/sportscar/body/test_body.py" line="9" name="test_bumper" time="0.0007996559143066406"></testcase><testcase classname="tests.sportscar.body.test_body.BodyTests" file="tests/sportscar/body/test_body.py" line="12" name="test_windshield" time="0.0008234977722167969"></testcase><testcase classname="tests.sportscar.engine.test_engine" file="tests/sportscar/engine/test_engine.py" line="3" name="test_engine" time="0.0007045269012451172"></testcase><testcase classname="tests.sportscar.entertainment .test_entertainment" file="tests/sportscar/entertainment /test_entertainment.py" line="3" name="test_entertainment" time="0.0005338191986083984"></testcase></testsuite>