<?xml version="1.0" encoding="utf-8"?><testsuite errors="0" failures="0" name="pytest" skips="0" tests="5" time="0.028"><testcase classname="tests.sportscar.body.test_body.BodyTests" file="tests/sportscar/body/test_body.py" line="5" name="test_body" time="0.0006351470947265625"></testcase><testcase classname="tests.sportscar.body.test_body.BodyTests" file="tests/sportscar/body/test_body.py" line="9" name="test_bumper" time="0.0005917549133300781"></testcase><testcase classname="tests.sportscar.body.test_body.BodyTests" file="tests/sportscar/body/test_body.py" line="12" name="test_windshield" time="0.0005538463592529297"></testcase><testcase classname="tests.sportscar.engine.test_engine" file="tests/sportscar/engine/test_engine.py" line="3" name="test_engine" time="0.000629425048828125"></testcase><testcase classname="tests.sportscar.entertainment .test_entertainment" file="tests/sportscar/entertainment /test_entertainment.py" line="3" name="test_entertainment" time="0.0004973411560058594"></testcase></testsuite>